<?xml version="1.0" encoding="UTF-8"?>
<!-- Generated by org.testng.reporters.JUnitReportReporter -->
<testsuite hostname="DESKTOP-1LU8MBC" failures="0" tests="6" name="Marketing_Project.Customer_Update" time="459.825" errors="0" timestamp="21 Jul 2022 07:30:00 GMT">
  <testcase classname="Marketing_Project.Customer_Update" name="Edit_BillRUn" time="43.005"/>
  <testcase classname="Marketing_Project.Customer_Update" name="Add_Siteparamenter" time="35.523"/>
  <testcase classname="Marketing_Project.Customer_Update" name="Add_BillRun_Cycle" time="66.894"/>
  <testcase classname="Marketing_Project.Customer_Update" name="AddSite_plan_fromService" time="58.993"/>
  <testcase classname="Marketing_Project.Customer_Update" name="Add_Customer" time="156.653"/>
  <testcase classname="Marketing_Project.Customer_Update" name="Add_Service_ND_Update" time="98.757"/>
</testsuite> <!-- Marketing_Project.Customer_Update -->
