<?xml version="1.0" encoding="UTF-8"?>
<!-- Generated by org.testng.reporters.JUnitReportReporter -->
<testsuite hostname="DESKTOP-1LU8MBC" failures="0" tests="6" name="Marketing_Project.Billrun_With_No_Cycle" time="453.606" errors="0" timestamp="21 Jul 2022 07:30:00 GMT">
  <testcase classname="Marketing_Project.Billrun_With_No_Cycle" name="Add_Meter" time="93.329"/>
  <testcase classname="Marketing_Project.Billrun_With_No_Cycle" name="Add_Meter_Reads" time="13.362"/>
  <testcase classname="Marketing_Project.Billrun_With_No_Cycle" name="Add_Metering_Business_Customer" time="101.101"/>
  <testcase classname="Marketing_Project.Billrun_With_No_Cycle" name="Add_Meter_Register" time="48.000"/>
  <testcase classname="Marketing_Project.Billrun_With_No_Cycle" name="Bill_Run_Without_Selecting_Cycle" time="82.685"/>
  <testcase classname="Marketing_Project.Billrun_With_No_Cycle" name="Add_Metering_Commercial_Customer" time="115.129"/>
</testsuite> <!-- Marketing_Project.Billrun_With_No_Cycle -->
