<?xml version="1.0" encoding="UTF-8"?>
<!-- Generated by org.testng.reporters.JUnitReportReporter -->
<testsuite hostname="DESKTOP-1LU8MBC" failures="0" tests="12" name="Marketing_Project.Other_Scenarios" time="320.476" errors="0" timestamp="21 Jul 2022 07:30:00 GMT">
  <testcase classname="Marketing_Project.Other_Scenarios" name="Add_Customer_and_Service" time="84.891"/>
  <testcase classname="Marketing_Project.Other_Scenarios" name="Email" time="13.967"/>
  <testcase classname="Marketing_Project.Other_Scenarios" name="Email_Template_setup" time="28.804"/>
  <testcase classname="Marketing_Project.Other_Scenarios" name="Add_Meter_Register" time="19.508"/>
  <testcase classname="Marketing_Project.Other_Scenarios" name="Bill_Run" time="24.816"/>
  <testcase classname="Marketing_Project.Other_Scenarios" name="Add_Meter" time="48.273"/>
  <testcase classname="Marketing_Project.Other_Scenarios" name="Bill_Run_With_Uncommitted_Statement" time="24.741"/>
  <testcase classname="Marketing_Project.Other_Scenarios" name="Update_Statement_Dates" time="10.993"/>
  <testcase classname="Marketing_Project.Other_Scenarios" name="Download_PDF" time="6.899"/>
  <testcase classname="Marketing_Project.Other_Scenarios" name="Add_Meter_Reads" time="48.103"/>
  <testcase classname="Marketing_Project.Other_Scenarios" name="Add_BillRun_Cycle" time="3.874"/>
  <testcase classname="Marketing_Project.Other_Scenarios" name="Invoice_Setup" time="5.607"/>
</testsuite> <!-- Marketing_Project.Other_Scenarios -->
