<?xml version="1.0" encoding="UTF-8"?>
<!-- Generated by org.testng.reporters.JUnitReportReporter -->
<testsuite hostname="DESKTOP-1LU8MBC" failures="0" tests="6" name="Marketing_Project.Market_All_Cusotmer" time="321.589" errors="0" timestamp="21 Jul 2022 07:30:00 GMT">
  <testcase classname="Marketing_Project.Market_All_Cusotmer" name="Add_Provisional_Service" time="45.976"/>
  <testcase classname="Marketing_Project.Market_All_Cusotmer" name="Add_Service_ND_Update" time="41.018"/>
  <testcase classname="Marketing_Project.Market_All_Cusotmer" name="Customer_Type_Commercial" time="43.000"/>
  <testcase classname="Marketing_Project.Market_All_Cusotmer" name="Customer_Type_Residential" time="132.675"/>
  <testcase classname="Marketing_Project.Market_All_Cusotmer" name="Update_service_Commercial" time="28.457"/>
  <testcase classname="Marketing_Project.Market_All_Cusotmer" name="Customer_Type_Business" time="30.463"/>
</testsuite> <!-- Marketing_Project.Market_All_Cusotmer -->
