<?xml version="1.0" encoding="UTF-8"?>
<!-- Generated by org.testng.reporters.JUnitReportReporter -->
<testsuite hostname="DESKTOP-1LU8MBC" failures="0" tests="5" name="Marketing_Project.Market_TOU_FIle_and_AddPlan" time="216.308" errors="0" timestamp="21 Jul 2022 07:30:00 GMT">
  <testcase classname="Marketing_Project.Market_TOU_FIle_and_AddPlan" name="Add_planWith_NetworkRats" time="9.463"/>
  <testcase classname="Marketing_Project.Market_TOU_FIle_and_AddPlan" name="Add_PlanWith_RetailRates" time="39.879"/>
  <testcase classname="Marketing_Project.Market_TOU_FIle_and_AddPlan" name="Other_plan" time="38.664"/>
  <testcase classname="Marketing_Project.Market_TOU_FIle_and_AddPlan" name="Import_TOU_Definition" time="105.828"/>
  <testcase classname="Marketing_Project.Market_TOU_FIle_and_AddPlan" name="Add_Simple_Plan" time="22.474"/>
</testsuite> <!-- Marketing_Project.Market_TOU_FIle_and_AddPlan -->
