<?xml version="1.0" encoding="UTF-8"?>
<!-- Generated by org.testng.reporters.JUnitReportReporter -->
<testsuite hostname="DESKTOP-1LU8MBC" failures="0" tests="8" name="Marketing_Project.Bill_Run_With_Import_And_Transactions" time="289.992" errors="0" timestamp="21 Jul 2022 07:30:00 GMT">
  <testcase classname="Marketing_Project.Bill_Run_With_Import_And_Transactions" name="Bill_Run" time="37.065"/>
  <testcase classname="Marketing_Project.Bill_Run_With_Import_And_Transactions" name="Transactions_By_Cash" time="15.782"/>
  <testcase classname="Marketing_Project.Bill_Run_With_Import_And_Transactions" name="Add_Customer_and_Service" time="113.233"/>
  <testcase classname="Marketing_Project.Bill_Run_With_Import_And_Transactions" name="Transactions_By_Credit_Card" time="4.038"/>
  <testcase classname="Marketing_Project.Bill_Run_With_Import_And_Transactions" name="Import_Meter_Number" time="24.769"/>
  <testcase classname="Marketing_Project.Bill_Run_With_Import_And_Transactions" name="Add_Meter_Reads" time="48.099"/>
  <testcase classname="Marketing_Project.Bill_Run_With_Import_And_Transactions" name="Add_BillRun_Cycle" time="27.503"/>
  <testcase classname="Marketing_Project.Bill_Run_With_Import_And_Transactions" name="Import_Meter_Register" time="19.503"/>
</testsuite> <!-- Marketing_Project.Bill_Run_With_Import_And_Transactions -->
